[debug] [2023-05-24T01:06:06.639Z] ----------------------------------------------------------------------
[debug] [2023-05-24T01:06:06.648Z] Command:       C:\Program Files\nodejs\node.exe C:\Program Files\nodejs\node_modules\firebase-tools\lib\bin\firebase.js init
[debug] [2023-05-24T01:06:06.650Z] CLI Version:   12.0.0
[debug] [2023-05-24T01:06:06.651Z] Platform:      win32
[debug] [2023-05-24T01:06:06.652Z] Node Version:  v18.13.0
[debug] [2023-05-24T01:06:06.739Z] Time:          Tue May 23 2023 18:06:06 GMT-0700 (Pacific Daylight Time)
[debug] [2023-05-24T01:06:06.739Z] ----------------------------------------------------------------------
[debug] 
[debug] [2023-05-24T01:06:06.824Z] >>> [apiv2][query] GET https://firebase-public.firebaseio.com/cli.json [none]
[debug] [2023-05-24T01:06:07.312Z] > command requires scopes: ["email","openid","https://www.googleapis.com/auth/cloudplatformprojects.readonly","https://www.googleapis.com/auth/firebase","https://www.googleapis.com/auth/cloud-platform"]
[debug] [2023-05-24T01:06:07.314Z] > authorizing via signed-in user (randyitoe2255@gmail.com)
[info] 
     ######## #### ########  ######## ########     ###     ######  ########
     ##        ##  ##     ## ##       ##     ##  ##   ##  ##       ##
     ######    ##  ########  ######   ########  #########  ######  ######
     ##        ##  ##    ##  ##       ##     ## ##     ##       ## ##
     ##       #### ##     ## ######## ########  ##     ##  ######  ########

You're about to initialize a Firebase project in this directory:

  C:\Users\DELL\Desktop\Tasky exam\Prep

Before we get started, keep in mind:

  * You are initializing within an existing Firebase project directory

[debug] [2023-05-24T01:06:08.302Z] <<< [apiv2][status] GET https://firebase-public.firebaseio.com/cli.json 200
[debug] [2023-05-24T01:06:08.305Z] <<< [apiv2][body] GET https://firebase-public.firebaseio.com/cli.json {"cloudBuildErrorAfter":1594252800000,"cloudBuildWarnAfter":1590019200000,"defaultNode10After":1594252800000,"minVersion":"3.0.5","node8DeploysDisabledAfter":1613390400000,"node8RuntimeDisabledAfter":1615809600000,"node8WarnAfter":1600128000000}
[info] 
=== Project Setup
[info] 
[info] First, let's associate this project directory with a Firebase project.
[info] You can create multiple project aliases by running firebase use --add, 
[info] but for now we'll just set up a default project.
[info] 
[debug] [2023-05-24T01:12:33.223Z] > refreshing access token with scopes: []
[debug] [2023-05-24T01:12:33.228Z] >>> [apiv2][query] POST https://www.googleapis.com/oauth2/v3/token [none]
[debug] [2023-05-24T01:12:33.228Z] >>> [apiv2][body] POST https://www.googleapis.com/oauth2/v3/token [omitted]
[debug] [2023-05-24T01:12:34.201Z] <<< [apiv2][status] POST https://www.googleapis.com/oauth2/v3/token 200
[debug] [2023-05-24T01:12:34.202Z] <<< [apiv2][body] POST https://www.googleapis.com/oauth2/v3/token [omitted]
[debug] [2023-05-24T01:12:34.492Z] >>> [apiv2][query] GET https://firebase.googleapis.com/v1beta1/projects pageSize=100
[debug] [2023-05-24T01:12:35.851Z] <<< [apiv2][status] GET https://firebase.googleapis.com/v1beta1/projects 200
[debug] [2023-05-24T01:12:35.852Z] <<< [apiv2][body] GET https://firebase.googleapis.com/v1beta1/projects [omitted]
[info] i  Using project tasky-r (Tasky-R) 
[info] 
=== Firestore Setup
[debug] [2023-05-24T01:12:39.039Z] >>> [apiv2][query] GET https://serviceusage.googleapis.com/v1/projects/tasky-r/services/firestore.googleapis.com [none]
[debug] [2023-05-24T01:12:39.039Z] >>> [apiv2][(partial)header] GET https://serviceusage.googleapis.com/v1/projects/tasky-r/services/firestore.googleapis.com x-goog-quota-user=projects/tasky-r
[debug] [2023-05-24T01:12:40.725Z] <<< [apiv2][status] GET https://serviceusage.googleapis.com/v1/projects/tasky-r/services/firestore.googleapis.com 200
[debug] [2023-05-24T01:12:40.725Z] <<< [apiv2][body] GET https://serviceusage.googleapis.com/v1/projects/tasky-r/services/firestore.googleapis.com [omitted]
[debug] [2023-05-24T01:12:40.727Z] >>> [apiv2][query] GET https://firestore.googleapis.com/v1/projects/tasky-r/databases/(default) [none]
[debug] [2023-05-24T01:12:42.251Z] <<< [apiv2][status] GET https://firestore.googleapis.com/v1/projects/tasky-r/databases/(default) 200
[debug] [2023-05-24T01:12:42.252Z] <<< [apiv2][body] GET https://firestore.googleapis.com/v1/projects/tasky-r/databases/(default) {"name":"projects/tasky-r/databases/(default)","uid":"196dc251-614c-4eeb-8c51-5ce3880c3d2c","createTime":"2023-05-21T12:18:51.804048Z","updateTime":"2023-05-21T12:18:51.804048Z","locationId":"nam5","type":"FIRESTORE_NATIVE","concurrencyMode":"PESSIMISTIC","appEngineIntegrationMode":"DISABLED","keyPrefix":"s","deleteProtectionState":"DELETE_PROTECTION_DISABLED","etag":"ILSU99n3i/8CMPeCpbKziv8C"}
[debug] [2023-05-24T01:12:42.252Z] database_type: FIRESTORE_NATIVE
[debug] [2023-05-24T01:12:42.253Z] > command requires scopes: ["email","openid","https://www.googleapis.com/auth/cloudplatformprojects.readonly","https://www.googleapis.com/auth/firebase","https://www.googleapis.com/auth/cloud-platform"]
[debug] [2023-05-24T01:12:42.254Z] > authorizing via signed-in user (randyitoe2255@gmail.com)
[debug] [2023-05-24T01:12:42.254Z] [iam] checking project tasky-r for permissions ["firebase.projects.get"]
[debug] [2023-05-24T01:12:42.255Z] >>> [apiv2][query] POST https://cloudresourcemanager.googleapis.com/v1/projects/tasky-r:testIamPermissions [none]
[debug] [2023-05-24T01:12:42.256Z] >>> [apiv2][(partial)header] POST https://cloudresourcemanager.googleapis.com/v1/projects/tasky-r:testIamPermissions x-goog-quota-user=projects/tasky-r
[debug] [2023-05-24T01:12:42.256Z] >>> [apiv2][body] POST https://cloudresourcemanager.googleapis.com/v1/projects/tasky-r:testIamPermissions {"permissions":["firebase.projects.get"]}
[debug] [2023-05-24T01:12:43.158Z] <<< [apiv2][status] POST https://cloudresourcemanager.googleapis.com/v1/projects/tasky-r:testIamPermissions 200
[debug] [2023-05-24T01:12:43.159Z] <<< [apiv2][body] POST https://cloudresourcemanager.googleapis.com/v1/projects/tasky-r:testIamPermissions {"permissions":["firebase.projects.get"]}
[info] 
[info] Firestore Security Rules allow you to define how and when to allow
[info] requests. You can keep these rules in your project directory
[info] and publish them with firebase deploy.
[info] 
[debug] [2023-05-24T01:12:47.029Z] >>> [apiv2][query] GET https://firebaserules.googleapis.com/v1/projects/tasky-r/releases pageSize=10&pageToken=
[debug] [2023-05-24T01:12:47.986Z] <<< [apiv2][status] GET https://firebaserules.googleapis.com/v1/projects/tasky-r/releases 200
[debug] [2023-05-24T01:12:47.987Z] <<< [apiv2][body] GET https://firebaserules.googleapis.com/v1/projects/tasky-r/releases {"releases":[{"name":"projects/tasky-r/releases/cloud.firestore","rulesetName":"projects/tasky-r/rulesets/1289503a-b836-47b6-bd03-8137ada53d94","createTime":"2023-05-21T12:18:56.594442Z","updateTime":"2023-05-21T12:18:56.594442Z"}]}
[debug] [2023-05-24T01:12:47.987Z] Found ruleset: projects/tasky-r/rulesets/1289503a-b836-47b6-bd03-8137ada53d94
[debug] [2023-05-24T01:12:47.989Z] >>> [apiv2][query] GET https://firebaserules.googleapis.com/v1/projects/tasky-r/rulesets/1289503a-b836-47b6-bd03-8137ada53d94 [none]
[debug] [2023-05-24T01:12:49.271Z] <<< [apiv2][status] GET https://firebaserules.googleapis.com/v1/projects/tasky-r/rulesets/1289503a-b836-47b6-bd03-8137ada53d94 200
[debug] [2023-05-24T01:12:49.271Z] <<< [apiv2][body] GET https://firebaserules.googleapis.com/v1/projects/tasky-r/rulesets/1289503a-b836-47b6-bd03-8137ada53d94 [omitted]
[info] 
[info] Firestore indexes allow you to perform complex queries while
[info] maintaining performance that scales with the size of the result
[info] set. You can keep index definitions in your project directory
[info] and publish them with firebase deploy.
[info] 
[debug] [2023-05-24T01:12:52.184Z] >>> [apiv2][query] GET https://firestore.googleapis.com/v1/projects/tasky-r/databases/(default)/collectionGroups/-/indexes [none]
[debug] [2023-05-24T01:12:52.192Z] >>> [apiv2][query] GET https://firestore.googleapis.com/v1/projects/tasky-r/databases/(default)/collectionGroups/-/fields?filter=indexConfig.usesAncestorConfig=false OR ttlConfig:* [none]
[debug] [2023-05-24T01:12:53.465Z] <<< [apiv2][status] GET https://firestore.googleapis.com/v1/projects/tasky-r/databases/(default)/collectionGroups/-/indexes 200
[debug] [2023-05-24T01:12:53.467Z] <<< [apiv2][body] GET https://firestore.googleapis.com/v1/projects/tasky-r/databases/(default)/collectionGroups/-/indexes {}
[debug] [2023-05-24T01:12:53.515Z] <<< [apiv2][status] GET https://firestore.googleapis.com/v1/projects/tasky-r/databases/(default)/collectionGroups/-/fields?filter=indexConfig.usesAncestorConfig=false OR ttlConfig:* 200
[debug] [2023-05-24T01:12:53.515Z] <<< [apiv2][body] GET https://firestore.googleapis.com/v1/projects/tasky-r/databases/(default)/collectionGroups/-/fields?filter=indexConfig.usesAncestorConfig=false OR ttlConfig:* {"fields":[{"name":"projects/tasky-r/databases/(default)/collectionGroups/__default__/fields/*","indexConfig":{"indexes":[{"queryScope":"COLLECTION","fields":[{"fieldPath":"*","order":"ASCENDING"}],"state":"READY"},{"queryScope":"COLLECTION","fields":[{"fieldPath":"*","order":"DESCENDING"}],"state":"READY"},{"queryScope":"COLLECTION","fields":[{"fieldPath":"*","arrayConfig":"CONTAINS"}],"state":"READY"}]}}]}
[info] 
=== Hosting Setup
[info] 
[info] Your public directory is the folder (relative to your project directory) that
[info] will contain Hosting assets to be uploaded with firebase deploy. If you
[info] have a build process for your assets, use your build's output directory.
[info] 
[debug] [2023-05-24T01:13:02.681Z] >>> [apiv2][query] GET https://www.gstatic.com/firebasejs/releases.json [none]
[debug] [2023-05-24T01:13:03.332Z] <<< [apiv2][status] GET https://www.gstatic.com/firebasejs/releases.json 200
[debug] [2023-05-24T01:13:03.333Z] <<< [apiv2][body] GET https://www.gstatic.com/firebasejs/releases.json {"current":{"version":"9.22.0","browserURL":"https://www.gstatic.com/firebasejs/9.22.0/firebase.js","packageURL":"https://www.gstatic.com/firebasejs/9.22.0/firebase.tgz"},"live":{"version":"9.22","browserURL":"https://www.gstatic.com/firebasejs/live/9.22/firebase.js","packageURL":"https://www.gstatic.com/firebasejs/live/9.22/firebase.tgz"},"components":{"analytics":"https://www.gstatic.com/firebasejs/9.22.0/firebase-analytics.js","app":"https://www.gstatic.com/firebasejs/9.22.0/firebase-app.js","app-check":"https://www.gstatic.com/firebasejs/9.22.0/firebase-app-check.js","auth":"https://www.gstatic.com/firebasejs/9.22.0/firebase-auth.js","auth/cordova":"https://www.gstatic.com/firebasejs/9.22.0/firebase-auth/cordova.js","auth/react-native":"https://www.gstatic.com/firebasejs/9.22.0/firebase-auth/react-native.js","functions":"https://www.gstatic.com/firebasejs/9.22.0/firebase-functions.js","firestore":"https://www.gstatic.com/firebasejs/9.22.0/firebase-firestore.js","firestore/lite":"https://www.gstatic.com/firebasejs/9.22.0/firebase-firestore/lite.js","installations":"https://www.gstatic.com/firebasejs/9.22.0/firebase-installations.js","storage":"https://www.gstatic.com/firebasejs/9.22.0/firebase-storage.js","performance":"https://www.gstatic.com/firebasejs/9.22.0/firebase-performance.js","remote-config":"https://www.gstatic.com/firebasejs/9.22.0/firebase-remote-config.js","messaging":"https://www.gstatic.com/firebasejs/9.22.0/firebase-messaging.js","messaging/sw":"https://www.gstatic.com/firebasejs/9.22.0/firebase-messaging/sw.js","database":"https://www.gstatic.com/firebasejs/9.22.0/firebase-database.js","firestore.memory":"https://www.gstatic.com/firebasejs/9.22.0/firebase-firestore.memory.js"}}
[info] +  Wrote public/index.html 
[info] 
[info] i  Detected a .git folder at C:\Users\DELL\Desktop\Tasky exam\Prep 
[info] i  Authorizing with GitHub to upload your service account to a GitHub repository's secrets store. 
[info] 
[info] Visit this URL on this device to log in:
[info] https://github.com/login/oauth/authorize?client_id=89cf50f02ac6aaed3484&state=512179292&redirect_uri=http%3A%2F%2Flocalhost%3A9005&scope=read%3Auser%20repo%20public_repo
[info] 
[info] Waiting for authentication...
[debug] [2023-05-24T01:13:31.913Z] >>> [apiv2][query] POST https://github.com/login/oauth/access_token [none]
[debug] [2023-05-24T01:13:31.914Z] >>> [apiv2][body] POST https://github.com/login/oauth/access_token [stream]
[debug] [2023-05-24T01:13:33.053Z] <<< [apiv2][status] POST https://github.com/login/oauth/access_token 200
[debug] [2023-05-24T01:13:33.054Z] <<< [apiv2][body] POST https://github.com/login/oauth/access_token {"access_token":"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","token_type":"bearer","scope":"read:user,repo"}
[debug] [2023-05-24T01:13:33.569Z] >>> [apiv2][query] GET https://api.github.com/user [none]
[debug] [2023-05-24T01:13:34.566Z] <<< [apiv2][status] GET https://api.github.com/user 200
[debug] [2023-05-24T01:13:34.567Z] <<< [apiv2][body] GET https://api.github.com/user {"login":"Randyglobal","id":110671224,"node_id":"U_kgDOBpi1eA","avatar_url":"https://avatars.githubusercontent.com/u/110671224?v=4","gravatar_id":"","url":"https://api.github.com/users/Randyglobal","html_url":"https://github.com/Randyglobal","followers_url":"https://api.github.com/users/Randyglobal/followers","following_url":"https://api.github.com/users/Randyglobal/following{/other_user}","gists_url":"https://api.github.com/users/Randyglobal/gists{/gist_id}","starred_url":"https://api.github.com/users/Randyglobal/starred{/owner}{/repo}","subscriptions_url":"https://api.github.com/users/Randyglobal/subscriptions","organizations_url":"https://api.github.com/users/Randyglobal/orgs","repos_url":"https://api.github.com/users/Randyglobal/repos","events_url":"https://api.github.com/users/Randyglobal/events{/privacy}","received_events_url":"https://api.github.com/users/Randyglobal/received_events","type":"User","site_admin":false,"name":"Randyglobal","company":null,"blog":"","location":null,"email":null,"hireable":null,"bio":null,"twitter_username":null,"public_repos":20,"public_gists":0,"followers":1,"following":1,"created_at":"2022-08-05T11:35:12Z","updated_at":"2023-04-01T13:31:41Z","private_gists":0,"total_private_repos":9,"owned_private_repos":9,"disk_usage":34450,"collaborators":8,"two_factor_authentication":false,"plan":{"name":"free","space":976562499,"collaborators":0,"private_repos":10000}}
[info] 
[info] +  Success! Logged into GitHub as Randyglobal 
[info] 
